<?xml version="1.0" encoding="UTF-8"?>
<testsuite xmlns:xsi="http://www.w3.org/2001/XMLSchema-instance" xsi:noNamespaceSchemaLocation="https://maven.apache.org/surefire/maven-surefire-plugin/xsd/surefire-test-report-3.0.xsd" version="3.0" name="TestSuite" time="22.696" tests="1" errors="0" skipped="0" failures="0">
  <properties>
[...]
</properties>
  <testcase name="runScenario[&quot;Search for stainless work table&quot;, &quot;Optional[Search for an item]&quot;](1)" classname="runners.SearchItemRunnerTest" time="21.722">
    <system-out><![CDATA[
@SearchTable
Scenario: Search for stainless work table         # src/test/resources/features/searchTable.feature:8
  Given open browser                              # stepDef.SearchTable.open_browser()
  When User search for "stainless work table"     # stepDef.SearchTable.user_search_for(java.lang.String)
  And User click search button                    # stepDef.SearchTable.user_click_search_button()
  Then All the items with table name will show up # stepDef.SearchTable.all_the_items_with_table_name_will_show_up()
  Then Add the last of found items to Cart        # stepDef.SearchTable.add_the_last_of_found_items_to_cart()
  Then Empty cart                                 # stepDef.SearchTable.empty_cart()
  Then Your cart is Empty is displayed            # stepDef.SearchTable.your_cart_is_empty_is_displayed()
]]></system-out>
    <system-err><![CDATA[SLF4J: Failed to load class "org.slf4j.impl.StaticLoggerBinder".
SLF4J: Defaulting to no-operation (NOP) logger implementation
SLF4J: See http://www.slf4j.org/codes.html#StaticLoggerBinder for further details.
Starting ChromeDriver 108.0.5359.71 (1e0e3868ee06e91ad636a874420e3ca3ae3756ac-refs/branch-heads/5359@{#1016}) on port 33423
Only local connections are allowed.
Please see https://chromedriver.chromium.org/security-considerations for suggestions on keeping ChromeDriver safe.
ChromeDriver was started successfully.
Dec 27, 2022 12:03:08 PM org.openqa.selenium.remote.ProtocolHandshake createSession
INFO: Detected dialect: W3C
]]></system-err>
  </testcase>
</testsuite>