<?xml version="1.0" encoding="UTF-8"?>
<testng-results ignored="0" total="1" passed="1" failed="0" skipped="0">
  <reporter-output>
  </reporter-output>
  <suite started-at="2022-12-27T12:03:05 EST" name="Suite" finished-at="2022-12-27T12:03:28 EST" duration-ms="22363">
    <groups>
      <group name="cucumber">
        <method signature="AbstractTestNGCucumberTests.runScenario(io.cucumber.testng.PickleWrapper,io.cucumber.testng.FeatureWrapper)[pri:0, instance:runners.SearchItemRunnerTest@2b6856dd]" name="runScenario" class="io.cucumber.testng.AbstractTestNGCucumberTests"/>
      </group> <!-- cucumber -->
    </groups>
    <test started-at="2022-12-27T12:03:05 EST" name="Test" finished-at="2022-12-27T12:03:28 EST" duration-ms="22363">
      <class name="runners.SearchItemRunnerTest">
        <test-method is-config="true" signature="setUpClass(org.testng.ITestContext)[pri:0, instance:runners.SearchItemRunnerTest@2b6856dd]" started-at="2022-12-27T12:03:05 EST" name="setUpClass" finished-at="2022-12-27T12:03:06 EST" duration-ms="473" status="PASS">
          <params>
            <param index="0">
              <value>
                <![CDATA[org.testng.TestRunner@60591e1b]]>
              </value>
            </param>
          </params>
          <reporter-output>
          </reporter-output>
        </test-method> <!-- setUpClass -->
        <test-method signature="runScenario(io.cucumber.testng.PickleWrapper,io.cucumber.testng.FeatureWrapper)[pri:0, instance:runners.SearchItemRunnerTest@2b6856dd]" started-at="2022-12-27T12:03:06 EST" name="runScenario" description="Runs Cucumber Scenarios" data-provider="scenarios" finished-at="2022-12-27T12:03:28 EST" duration-ms="21720" status="PASS">
          <params>
            <param index="0">
              <value>
                <![CDATA["Search for stainless work table"]]>
              </value>
            </param>
            <param index="1">
              <value>
                <![CDATA["Optional[Search for an item]"]]>
              </value>
            </param>
          </params>
          <reporter-output>
          </reporter-output>
        </test-method> <!-- runScenario -->
        <test-method is-config="true" signature="tearDownClass()[pri:0, instance:runners.SearchItemRunnerTest@2b6856dd]" started-at="2022-12-27T12:03:28 EST" name="tearDownClass" finished-at="2022-12-27T12:03:28 EST" duration-ms="142" status="PASS">
          <reporter-output>
          </reporter-output>
        </test-method> <!-- tearDownClass -->
      </class> <!-- runners.SearchItemRunnerTest -->
    </test> <!-- Test -->
  </suite> <!-- Suite -->
</testng-results>
